Using pre-set license
Built from '6000.0/respin/6000.0.51f1-a206c6c19c75' branch; Version is '6000.0.51f1 (01c3ff5872c5) revision 115711'; Using compiler version '193933523'; Build Type 'Release'
OS: 'Windows 10  (10.0.19045) 64bit Professional' Language: 'en' Physical Memory: 8086 MB
BatchMode: 1, IsHumanControllingUs: 0, StartBugReporterOnCrash: 0, Is64bit: 1
Date: 2025-07-26T15:25:56Z

COMMAND LINE ARGUMENTS:
C:\Program Files\Unity\Hub\Editor\6000.0.51f1\Editor\Unity.exe
-adb2
-batchMode
-noUpm
-name
AssetImportWorker0
-projectPath
C:/Users/Administrator/UnityProjects/EggTapper
-logFile
Logs/AssetImportWorker0.log
-srvPort
50450
-job-worker-count
1
-background-job-worker-count
8
-gc-helper-count
1
Successfully changed project path to: C:/Users/Administrator/UnityProjects/EggTapper
C:/Users/Administrator/UnityProjects/EggTapper
[UnityMemory] Configuration Parameters - Can be set up in boot.config
    "memorysetup-bucket-allocator-granularity=16"
    "memorysetup-bucket-allocator-bucket-count=8"
    "memorysetup-bucket-allocator-block-size=33554432"
    "memorysetup-bucket-allocator-block-count=8"
    "memorysetup-main-allocator-block-size=16777216"
    "memorysetup-thread-allocator-block-size=16777216"
    "memorysetup-gfx-main-allocator-block-size=16777216"
    "memorysetup-gfx-thread-allocator-block-size=16777216"
    "memorysetup-cache-allocator-block-size=4194304"
    "memorysetup-typetree-allocator-block-size=2097152"
    "memorysetup-profiler-bucket-allocator-granularity=16"
    "memorysetup-profiler-bucket-allocator-bucket-count=8"
    "memorysetup-profiler-bucket-allocator-block-size=33554432"
    "memorysetup-profiler-bucket-allocator-block-count=8"
    "memorysetup-profiler-allocator-block-size=16777216"
    "memorysetup-profiler-editor-allocator-block-size=1048576"
    "memorysetup-temp-allocator-size-main=16777216"
    "memorysetup-job-temp-allocator-block-size=2097152"
    "memorysetup-job-temp-allocator-block-size-background=1048576"
    "memorysetup-job-temp-allocator-reduction-small-platforms=262144"
    "memorysetup-allocator-temp-initial-block-size-main=262144"
    "memorysetup-allocator-temp-initial-block-size-worker=262144"
    "memorysetup-temp-allocator-size-background-worker=32768"
    "memorysetup-temp-allocator-size-job-worker=262144"
    "memorysetup-temp-allocator-size-preload-manager=33554432"
    "memorysetup-temp-allocator-size-nav-mesh-worker=65536"
    "memorysetup-temp-allocator-size-audio-worker=65536"
    "memorysetup-temp-allocator-size-cloud-worker=32768"
    "memorysetup-temp-allocator-size-gi-baking-worker=262144"
    "memorysetup-temp-allocator-size-gi-baking-worker=262144"
    "memorysetup-temp-allocator-size-gi-baking-worker=262144"
    "memorysetup-temp-allocator-size-gi-baking-worker=262144"
    "memorysetup-temp-allocator-size-gi-baking-worker=262144"
    "memorysetup-temp-allocator-size-gfx=262144"
Player connection [7344]  Target information:

Player connection [7344]  * "[IP] 192.168.1.103 [Port] 0 [Flags] 2 [Guid] 2320606022 [EditorId] 2320606022 [Version] 1048832 [Id] WindowsEditor(7,DESKTOP-QT517IN) [Debug] 1 [PackageName] WindowsEditor [ProjectName] Editor" 

Player connection [7344] Host joined multi-casting on [225.0.0.222:54997]...
Player connection [7344] Host joined alternative multi-casting on [225.0.0.222:34997]...
JobSystem: Creating JobQueue using job-worker-count value 1
Input System module state changed to: Initialized.
[Physics::Module] Initialized fallback backend.
[Physics::Module] Id: 0xdecafbad
Library Redirect Path: Library/
[Physics::Module] Selected backend.
[Physics::Module] Name: PhysX
[Physics::Module] Id: 0xf2b8ea05
[Physics::Module] SDK Version: 4.1.2
[Physics::Module] Integration Version: 1.0.0
[Physics::Module] Threading Mode: Multi-Threaded
Refreshing native plugins compatible for Editor in 11.75 ms, found 4 plugins.
Preloading 0 native plugins for Editor in 0.00 ms.
Initialize engine version: 6000.0.51f1 (01c3ff5872c5)
[Subsystems] Discovering subsystems at path C:/Program Files/Unity/Hub/Editor/6000.0.51f1/Editor/Data/Resources/UnitySubsystems
[Subsystems] Discovering subsystems at path C:/Users/Administrator/UnityProjects/EggTapper/Assets
GfxDevice: creating device client; kGfxThreadingModeNonThreaded
Direct3D:
    Version:  Direct3D 11.0 [level 11.1]
    Renderer: Intel(R) HD Graphics Family (ID=0xa16)
    Vendor:   Intel
    VRAM:     2048 MB
    Driver:   20.19.15.4531
Initialize mono
Mono path[0] = 'C:/Program Files/Unity/Hub/Editor/6000.0.51f1/Editor/Data/Managed'
Mono path[1] = 'C:/Program Files/Unity/Hub/Editor/6000.0.51f1/Editor/Data/MonoBleedingEdge/lib/mono/unityjit-win32'
Mono config path = 'C:/Program Files/Unity/Hub/Editor/6000.0.51f1/Editor/Data/MonoBleedingEdge/etc'
Using monoOptions --debugger-agent=transport=dt_socket,embedding=1,server=y,suspend=n,address=127.0.0.1:56472
Begin MonoManager ReloadAssembly
Registering precompiled unity dll's ...
Register platform support module: C:/Program Files/Unity/Hub/Editor/6000.0.51f1/Editor/Data/PlaybackEngines/WindowsStandaloneSupport/UnityEditor.WindowsStandalone.Extensions.dll
Register platform support module: C:/Program Files/Unity/Hub/Editor/6000.0.51f1/Editor/Data/PlaybackEngines/AndroidPlayer/UnityEditor.Android.Extensions.dll
Registered in 0.015999 seconds.
- Loaded All Assemblies, in  1.693 seconds
Native extension for Android target not found
Android Extension - Scanning For ADB Devices 868 ms
Native extension for WindowsStandalone target not found
Mono: successfully reloaded assembly
- Finished resetting the current domain, in  2.624 seconds
Domain Reload Profiling: 4307ms
	BeginReloadAssembly (547ms)
		ExecutionOrderSort (0ms)
		DisableScriptedObjects (0ms)
		BackupInstance (0ms)
		ReleaseScriptingObjects (0ms)
		CreateAndSetChildDomain (3ms)
	RebuildCommonClasses (140ms)
	RebuildNativeTypeToScriptingClass (57ms)
	initialDomainReloadingComplete (264ms)
	LoadAllAssembliesAndSetupDomain (675ms)
		LoadAssemblies (538ms)
		RebuildTransferFunctionScriptingTraits (0ms)
		AnalyzeDomain (659ms)
			TypeCache.Refresh (656ms)
				TypeCache.ScanAssembly (604ms)
			BuildScriptInfoCaches (0ms)
			ResolveRequiredComponents (1ms)
	FinalizeReload (2625ms)
		ReleaseScriptCaches (0ms)
		RebuildScriptCaches (0ms)
		SetupLoadedEditorAssemblies (2442ms)
			LogAssemblyErrors (0ms)
			InitializePlatformSupportModulesInManaged (1328ms)
			SetLoadedEditorAssemblies (13ms)
			BeforeProcessingInitializeOnLoad (288ms)
			ProcessInitializeOnLoadAttributes (543ms)
			ProcessInitializeOnLoadMethodAttributes (269ms)
			AfterProcessingInitializeOnLoad (0ms)
			EditorAssembliesLoaded (1ms)
		ExecutionOrderSort2 (0ms)
		AwakeInstancesAfterBackupRestoration (0ms)
========================================================================
Worker process is ready to serve import requests
Import Worker Mode flag is 0x00
Begin MonoManager ReloadAssembly
- Loaded All Assemblies, in  3.249 seconds
Refreshing native plugins compatible for Editor in 8.83 ms, found 4 plugins.
Native extension for Android target not found
Native extension for WindowsStandalone target not found
Mono: successfully reloaded assembly
- Finished resetting the current domain, in  2.881 seconds
Domain Reload Profiling: 6110ms
	BeginReloadAssembly (760ms)
		ExecutionOrderSort (0ms)
		DisableScriptedObjects (27ms)
		BackupInstance (0ms)
		ReleaseScriptingObjects (0ms)
		CreateAndSetChildDomain (100ms)
	RebuildCommonClasses (161ms)
	RebuildNativeTypeToScriptingClass (55ms)
	initialDomainReloadingComplete (174ms)
	LoadAllAssembliesAndSetupDomain (2078ms)
		LoadAssemblies (1526ms)
		RebuildTransferFunctionScriptingTraits (0ms)
		AnalyzeDomain (1000ms)
			TypeCache.Refresh (732ms)
				TypeCache.ScanAssembly (669ms)
			BuildScriptInfoCaches (231ms)
			ResolveRequiredComponents (23ms)
	FinalizeReload (2882ms)
		ReleaseScriptCaches (0ms)
		RebuildScriptCaches (0ms)
		SetupLoadedEditorAssemblies (2420ms)
			LogAssemblyErrors (0ms)
			InitializePlatformSupportModulesInManaged (29ms)
			SetLoadedEditorAssemblies (8ms)
			BeforeProcessingInitializeOnLoad (618ms)
			ProcessInitializeOnLoadAttributes (1510ms)
			ProcessInitializeOnLoadMethodAttributes (218ms)
			AfterProcessingInitializeOnLoad (36ms)
			EditorAssembliesLoaded (1ms)
		ExecutionOrderSort2 (0ms)
		AwakeInstancesAfterBackupRestoration (26ms)
Launched and connected shader compiler UnityShaderCompiler.exe after 0.05 seconds
Refreshing native plugins compatible for Editor in 16.99 ms, found 4 plugins.
Preloading 0 native plugins for Editor in 0.00 ms.
Unloading 28 Unused Serialized files (Serialized files now loaded: 0)
Unloading 4759 unused Assets / (1.6 MB). Loaded Objects now: 5255.
Memory consumption went from 92.5 MB to 90.9 MB.
Total: 28.394400 ms (FindLiveObjects: 1.912900 ms CreateObjectMapping: 1.666500 ms MarkObjects: 18.268300 ms  DeleteObjects: 6.543800 ms)

========================================================================
Received Import Request.
  Time since last request: 1281720.500909 seconds.
  path: Assets/Prefabs/EGGS ASSETS AND UI/EGG POP ICON N FI
  artifactKey: Guid(0e3035165fb8d034d91d40c80405ea07) Importer(815301076,1909f56bfc062723c751e8b465ee728b)
Start importing Assets/Prefabs/EGGS ASSETS AND UI/EGG POP ICON N FI using Guid(0e3035165fb8d034d91d40c80405ea07) Importer(815301076,1909f56bfc062723c751e8b465ee728b) (PreviewImporter) -> (artifact id: '19a87bea6a3c2f3f2d4e39f30aa4cbad') in 0.0154833 seconds
Number of updated asset objects reloaded before import = 0Number of asset objects unloaded after import = 0

========================================================================
Received Import Request.
  Time since last request: 0.000029 seconds.
  path: Assets/Prefabs/EGGS ASSETS AND UI/EGG POP ICON N FI/1x
  artifactKey: Guid(defa3795ef66a4e4991e6a761aa0fca1) Importer(815301076,1909f56bfc062723c751e8b465ee728b)
Start importing Assets/Prefabs/EGGS ASSETS AND UI/EGG POP ICON N FI/1x using Guid(defa3795ef66a4e4991e6a761aa0fca1) Importer(815301076,1909f56bfc062723c751e8b465ee728b) (PreviewImporter) -> (artifact id: 'a7ebaca8d75ed784e141d78bb2116c4f') in 0.0013586 seconds
Number of updated asset objects reloaded before import = 0Number of asset objects unloaded after import = 0

========================================================================
Received Import Request.
  Time since last request: 28.273274 seconds.
  path: Assets/Prefabs/EGGS ASSETS AND UI/EGG POP ICON N FI/1x/Asset 2.png
  artifactKey: Guid(e683c32a6da3bb3478c261a794e2df44) Importer(815301076,1909f56bfc062723c751e8b465ee728b)
Start importing Assets/Prefabs/EGGS ASSETS AND UI/EGG POP ICON N FI/1x/Asset 2.png using Guid(e683c32a6da3bb3478c261a794e2df44) Importer(815301076,1909f56bfc062723c751e8b465ee728b) (PreviewImporter) -> (artifact id: '1868d5306f0f3573158122f0cdbfae6b') in 0.3381475 seconds
Number of updated asset objects reloaded before import = 0Number of asset objects unloaded after import = 3

========================================================================
Received Import Request.
  Time since last request: 44.821298 seconds.
  path: Assets/Prefabs/EGGS ASSETS AND UI/EGG POP ICON N FI/1x/Asset 5.png
  artifactKey: Guid(467f922816b0d9e458e84aef16e559b7) Importer(815301076,1909f56bfc062723c751e8b465ee728b)
Start importing Assets/Prefabs/EGGS ASSETS AND UI/EGG POP ICON N FI/1x/Asset 5.png using Guid(467f922816b0d9e458e84aef16e559b7) Importer(815301076,1909f56bfc062723c751e8b465ee728b) (PreviewImporter) -> (artifact id: 'c28394b2d9a84600a88fc55fb800cf19') in 0.0755767 seconds
Number of updated asset objects reloaded before import = 0Number of asset objects unloaded after import = 3

========================================================================
Received Import Request.
  Time since last request: 152.458478 seconds.
  path: Assets/Prefabs/EGGS ASSETS AND UI/EGG POP ICON N FI/1x/Asset 1.png
  artifactKey: Guid(9891a6c2df413fc4fad052e9fcc51c60) Importer(815301076,1909f56bfc062723c751e8b465ee728b)
Start importing Assets/Prefabs/EGGS ASSETS AND UI/EGG POP ICON N FI/1x/Asset 1.png using Guid(9891a6c2df413fc4fad052e9fcc51c60) Importer(815301076,1909f56bfc062723c751e8b465ee728b) (PreviewImporter) -> (artifact id: '1a27ee0768aab30468e3e52b694f5503') in 0.0554492 seconds
Number of updated asset objects reloaded before import = 0Number of asset objects unloaded after import = 3

========================================================================
Received Import Request.
  Time since last request: 0.000039 seconds.
  path: Assets/Prefabs/EGGS ASSETS AND UI/EGG POP ICON N FI/1x/Asset 4.png
  artifactKey: Guid(a77fd29b0efa3d448bb0ab9d69dd2200) Importer(815301076,1909f56bfc062723c751e8b465ee728b)
Start importing Assets/Prefabs/EGGS ASSETS AND UI/EGG POP ICON N FI/1x/Asset 4.png using Guid(a77fd29b0efa3d448bb0ab9d69dd2200) Importer(815301076,1909f56bfc062723c751e8b465ee728b) (PreviewImporter) -> (artifact id: 'e1d0accd5c635dbad33cbfc3ac5a7e1c') in 0.0950372 seconds
Number of updated asset objects reloaded before import = 0Number of asset objects unloaded after import = 3

========================================================================
Received Import Request.
  Time since last request: 0.000044 seconds.
  path: Assets/Prefabs/EGGS ASSETS AND UI/EGG POP ICON N FI/1x/Asset 3.png
  artifactKey: Guid(9ff6b1b1841075b4f9ee6ade78256fef) Importer(815301076,1909f56bfc062723c751e8b465ee728b)
Start importing Assets/Prefabs/EGGS ASSETS AND UI/EGG POP ICON N FI/1x/Asset 3.png using Guid(9ff6b1b1841075b4f9ee6ade78256fef) Importer(815301076,1909f56bfc062723c751e8b465ee728b) (PreviewImporter) -> (artifact id: '925fad2e3396193af5672e0d2b95078d') in 0.0854461 seconds
Number of updated asset objects reloaded before import = 0Number of asset objects unloaded after import = 3

========================================================================
Received Import Request.
  Time since last request: 0.042700 seconds.
  path: Assets/TextMesh Pro/Sprites/EmojiOne.png
  artifactKey: Guid(dffef66376be4fa480fb02b19edbe903) Importer(815301076,1909f56bfc062723c751e8b465ee728b)
Start importing Assets/TextMesh Pro/Sprites/EmojiOne.png using Guid(dffef66376be4fa480fb02b19edbe903) Importer(815301076,1909f56bfc062723c751e8b465ee728b) (PreviewImporter) -> (artifact id: '233e30a6fb008532e5aeeb37b252171a') in 0.0659396 seconds
Number of updated asset objects reloaded before import = 0Number of asset objects unloaded after import = 2

========================================================================
Received Import Request.
  Time since last request: 0.000045 seconds.
  path: Assets/Prefabs/EGGS ASSETS AND UI/EGG POP ICON N FI/FI-03.png
  artifactKey: Guid(f0a3454144cd4ed4b88cf0363bd2a2d2) Importer(815301076,1909f56bfc062723c751e8b465ee728b)
Start importing Assets/Prefabs/EGGS ASSETS AND UI/EGG POP ICON N FI/FI-03.png using Guid(f0a3454144cd4ed4b88cf0363bd2a2d2) Importer(815301076,1909f56bfc062723c751e8b465ee728b) (PreviewImporter) -> (artifact id: '0b60254cbac25dbfabbff147e19a9055') in 0.1426241 seconds
Number of updated asset objects reloaded before import = 0Number of asset objects unloaded after import = 3

========================================================================
Received Import Request.
  Time since last request: 0.104619 seconds.
  path: Assets/Effects/heart.png
  artifactKey: Guid(9de9ccb95c61a804e9814ee9d697c586) Importer(815301076,1909f56bfc062723c751e8b465ee728b)
Start importing Assets/Effects/heart.png using Guid(9de9ccb95c61a804e9814ee9d697c586) Importer(815301076,1909f56bfc062723c751e8b465ee728b) (PreviewImporter) -> (artifact id: '57934c1ae2515816432a08183830248c') in 0.0631976 seconds
Number of updated asset objects reloaded before import = 0Number of asset objects unloaded after import = 3

========================================================================
Received Import Request.
  Time since last request: 0.000036 seconds.
  path: Assets/TextMesh Pro/Resources/Fonts & Materials/LiberationSans SDF - Fallback.asset
  artifactKey: Guid(2e498d1c8094910479dc3e1b768306a4) Importer(815301076,1909f56bfc062723c751e8b465ee728b)
Start importing Assets/TextMesh Pro/Resources/Fonts & Materials/LiberationSans SDF - Fallback.asset using Guid(2e498d1c8094910479dc3e1b768306a4) Importer(815301076,1909f56bfc062723c751e8b465ee728b) (PreviewImporter) -> (artifact id: '29322be254e502b2c620ff6a39c48d63') in 0.2190512 seconds
Number of updated asset objects reloaded before import = 0Number of asset objects unloaded after import = 6

========================================================================
Received Import Request.
  Time since last request: 0.000049 seconds.
  path: Assets/TextMesh Pro/Resources/Fonts & Materials/LiberationSans SDF.asset
  artifactKey: Guid(8f586378b4e144a9851e7b34d9b748ee) Importer(815301076,1909f56bfc062723c751e8b465ee728b)
Start importing Assets/TextMesh Pro/Resources/Fonts & Materials/LiberationSans SDF.asset using Guid(8f586378b4e144a9851e7b34d9b748ee) Importer(815301076,1909f56bfc062723c751e8b465ee728b) (PreviewImporter) -> (artifact id: '7d9e71c9f57eb9a9ffb398191dc36d07') in 0.1195305 seconds
Number of updated asset objects reloaded before import = 0Number of asset objects unloaded after import = 9

========================================================================
Received Import Request.
  Time since last request: 0.000049 seconds.
  path: Assets/Prefabs/EGGS ASSETS AND UI/EGG POP ICON N FI/ICON-02.png
  artifactKey: Guid(f8433d2f65265b64b897039cf1c307a0) Importer(815301076,1909f56bfc062723c751e8b465ee728b)
Start importing Assets/Prefabs/EGGS ASSETS AND UI/EGG POP ICON N FI/ICON-02.png using Guid(f8433d2f65265b64b897039cf1c307a0) Importer(815301076,1909f56bfc062723c751e8b465ee728b) (PreviewImporter) -> (artifact id: 'a3f88660a07cfd1b87fd429a778c3ae7') in 0.1249423 seconds
Number of updated asset objects reloaded before import = 0Number of asset objects unloaded after import = 3

========================================================================
Received Import Request.
  Time since last request: 0.879478 seconds.
  path: Assets/Effects/pause1.png
  artifactKey: Guid(7dd39688177eb68499253846dc7f1777) Importer(815301076,1909f56bfc062723c751e8b465ee728b)
Start importing Assets/Effects/pause1.png using Guid(7dd39688177eb68499253846dc7f1777) Importer(815301076,1909f56bfc062723c751e8b465ee728b) (PreviewImporter) -> (artifact id: '85ccc4c8316b3b378aa448547338854a') in 0.0681089 seconds
Number of updated asset objects reloaded before import = 0Number of asset objects unloaded after import = 3

